This is cutadapt 3.4 with Python 3.9.1
Command line parameters: --cores 6 -o D103_10uM_R2_1.fastq.gz -p D103_10uM_R2_2.fastq.gz input_fastq/D103_10uM_R2_1.fastq.gz input_fastq/D103_10uM_R2_2.fastq.gz -a AGATCGGAAGAGCACACGTCT -A TCGGAAGAGCGTCGTGTAG
Processing reads on 6 cores in paired-end mode ...
Finished in 3.34 s (6 µs/read; 9.26 M reads/minute).

=== Summary ===

Total read pairs processed:            516,013
  Read 1 with adapter:                   2,889 (0.6%)
  Read 2 with adapter:                   2,352 (0.5%)
Pairs written (passing filters):       516,013 (100.0%)

Total basepairs processed:   179,427,384 bp
  Read 1:    94,780,812 bp
  Read 2:    84,646,572 bp
Total written (filtered):    179,046,944 bp (99.8%)
  Read 1:    94,422,344 bp
  Read 2:    84,624,600 bp

=== First read: Adapter 1 ===

Sequence: AGATCGGAAGAGCACACGTCT; Type: regular 3'; Length: 21; Trimmed: 2889 times

No. of allowed errors:
1-9 bp: 0; 10-19 bp: 1; 20-21 bp: 2

Bases preceding removed adapters:
  A: 3.6%
  C: 6.0%
  G: 88.5%
  T: 1.8%
  none/other: 0.0%
WARNING:
    The adapter is preceded by "G" extremely often.
    The provided adapter sequence could be incomplete at its 5' end.

Overview of removed sequences
length	count	expect	max.err	error counts
3	83	8062.7	0	83
4	4	2015.7	0	4
5	2	503.9	0	2
8	1	7.9	0	1
20	1	0.0	2	1
22	1	0.0	2	1
25	1	0.0	2	1
33	1	0.0	2	0 0 1
34	1	0.0	2	1
38	1	0.0	2	1
40	1	0.0	2	0 1
41	2	0.0	2	2
68	1	0.0	2	0 0 1
69	1	0.0	2	0 0 1
70	11	0.0	2	0 0 11
71	1	0.0	2	0 0 1
73	46	0.0	2	0 7 39
74	3	0.0	2	0 0 3
76	74	0.0	2	1 8 65
77	8	0.0	2	0 2 6
78	1	0.0	2	0 1
79	61	0.0	2	2 12 47
80	32	0.0	2	0 4 28
81	9	0.0	2	0 0 9
82	99	0.0	2	0 19 80
83	56	0.0	2	0 13 43
84	14	0.0	2	0 1 13
85	101	0.0	2	2 20 79
86	67	0.0	2	0 11 56
87	13	0.0	2	1 3 9
88	41	0.0	2	0 4 37
89	59	0.0	2	1 14 44
90	19	0.0	2	0 7 12
91	44	0.0	2	0 9 35
92	60	0.0	2	1 14 45
93	25	0.0	2	0 5 20
94	33	0.0	2	0 9 24
95	26	0.0	2	0 5 21
96	41	0.0	2	0 9 32
97	53	0.0	2	1 17 35
98	36	0.0	2	1 6 29
99	38	0.0	2	0 10 28
100	69	0.0	2	0 19 50
101	58	0.0	2	2 11 45
102	27	0.0	2	1 9 17
103	46	0.0	2	0 9 37
104	42	0.0	2	2 12 28
105	9	0.0	2	2 2 5
106	60	0.0	2	0 10 50
107	39	0.0	2	1 8 30
108	9	0.0	2	1 3 5
109	43	0.0	2	1 14 28
110	38	0.0	2	0 12 26
111	9	0.0	2	0 3 6
112	36	0.0	2	2 14 20
113	34	0.0	2	1 15 18
114	7	0.0	2	1 3 3
115	15	0.0	2	3 7 5
116	27	0.0	2	5 10 12
117	1	0.0	2	0 1
118	29	0.0	2	8 11 10
119	33	0.0	2	4 16 13
120	4	0.0	2	1 0 3
121	18	0.0	2	6 4 8
122	19	0.0	2	2 4 13
123	8	0.0	2	0 1 7
124	8	0.0	2	1 4 3
125	6	0.0	2	1 3 2
126	3	0.0	2	0 1 2
127	3	0.0	2	0 1 2
129	2	0.0	2	0 0 2
130	3	0.0	2	0 0 3
131	1	0.0	2	0 0 1
132	2	0.0	2	0 0 2
133	1	0.0	2	0 0 1
134	1	0.0	2	0 0 1
135	2	0.0	2	0 1 1
136	1	0.0	2	0 1
139	1	0.0	2	0 0 1
140	1	0.0	2	0 0 1
142	4	0.0	2	0 1 3
143	3	0.0	2	0 1 2
145	1	0.0	2	0 0 1
146	1	0.0	2	0 0 1
149	1	0.0	2	0 0 1
152	1	0.0	2	0 1
153	1	0.0	2	0 1
154	2	0.0	2	1 0 1
155	2	0.0	2	0 1 1
156	1	0.0	2	0 0 1
157	9	0.0	2	1 1 7
158	5	0.0	2	0 1 4
159	3	0.0	2	0 1 2
160	12	0.0	2	1 4 7
161	12	0.0	2	0 3 9
162	9	0.0	2	1 0 8
163	177	0.0	2	9 28 140
164	198	0.0	2	14 34 150
165	4	0.0	2	0 0 4
166	41	0.0	2	1 9 31
167	58	0.0	2	6 13 39
168	7	0.0	2	0 2 5
169	14	0.0	2	1 3 10
170	36	0.0	2	2 10 24
171	5	0.0	2	1 0 4
172	6	0.0	2	0 0 6
173	8	0.0	2	0 3 5
174	11	0.0	2	1 1 9
175	12	0.0	2	1 4 7
176	8	0.0	2	0 0 8
177	2	0.0	2	0 1 1
178	4	0.0	2	0 1 3
179	1	0.0	2	0 0 1
180	2	0.0	2	0 1 1
181	4	0.0	2	0 0 4
182	4	0.0	2	0 0 4
183	4	0.0	2	1 0 3
184	8	0.0	2	0 2 6
185	11	0.0	2	0 3 8
186	2	0.0	2	1 0 1
187	9	0.0	2	1 1 7
188	21	0.0	2	1 6 14
190	6	0.0	2	2 1 3
191	20	0.0	2	2 6 12
192	3	0.0	2	0 0 3
193	4	0.0	2	0 0 4
194	7	0.0	2	0 1 6
195	7	0.0	2	0 0 7
196	8	0.0	2	0 2 6
197	15	0.0	2	0 2 13
198	13	0.0	2	0 1 12
199	5	0.0	2	1 1 3
200	7	0.0	2	2 0 5
201	3	0.0	2	0 0 3
202	5	0.0	2	0 4 1
203	3	0.0	2	1 0 2
204	3	0.0	2	0 0 3
206	1	0.0	2	0 0 1
207	2	0.0	2	0 0 2
208	1	0.0	2	0 0 1
209	6	0.0	2	1 1 4
210	5	0.0	2	1 0 4
211	2	0.0	2	1 0 1
212	2	0.0	2	0 1 1
214	5	0.0	2	0 1 4
217	7	0.0	2	0 3 4
218	1	0.0	2	0 0 1
219	3	0.0	2	0 0 3
220	4	0.0	2	0 2 2
221	4	0.0	2	0 1 3
222	3	0.0	2	0 1 2
224	2	0.0	2	1 0 1
225	2	0.0	2	0 0 2
226	7	0.0	2	2 1 4
227	1	0.0	2	0 0 1
228	6	0.0	2	0 2 4
229	3	0.0	2	0 0 3
230	2	0.0	2	0 1 1
231	12	0.0	2	0 1 11
232	11	0.0	2	0 2 9
233	2	0.0	2	0 1 1
234	4	0.0	2	1 2 1
236	5	0.0	2	1 0 4
239	2	0.0	2	0 0 2
240	2	0.0	2	0 0 2
242	2	0.0	2	0 0 2
243	2	0.0	2	0 0 2
249	1	0.0	2	0 0 1
257	1	0.0	2	0 1
258	1	0.0	2	0 1
263	1	0.0	2	0 0 1
265	4	0.0	2	0 1 3
266	2	0.0	2	0 0 2
299	4	0.0	2	0 0 4
300	3	0.0	2	0 0 3
333	1	0.0	2	0 0 1
334	1	0.0	2	0 1
356	5	0.0	2	2 0 3
357	4	0.0	2	1 0 3
358	1	0.0	2	0 0 1
367	1	0.0	2	0 0 1
371	1	0.0	2	0 0 1
374	1	0.0	2	0 1
375	12	0.0	2	6 2 4
376	13	0.0	2	5 2 6
377	1	0.0	2	1


=== Second read: Adapter 2 ===

Sequence: TCGGAAGAGCGTCGTGTAG; Type: regular 3'; Length: 19; Trimmed: 2352 times

No. of allowed errors:
1-9 bp: 0; 10-19 bp: 1

Bases preceding removed adapters:
  A: 22.4%
  C: 45.2%
  G: 24.6%
  T: 7.8%
  none/other: 0.0%

Overview of removed sequences
length	count	expect	max.err	error counts
3	1007	8062.7	0	1007
4	997	2015.7	0	997
5	28	503.9	0	28
7	4	31.5	0	4
9	3	2.0	0	0 3
10	2	0.5	1	1 1
11	17	0.1	1	0 17
12	35	0.0	1	5 30
13	6	0.0	1	1 5
14	39	0.0	1	2 37
15	35	0.0	1	2 33
16	17	0.0	1	1 16
18	1	0.0	1	0 1
22	2	0.0	1	0 2
23	6	0.0	1	0 6
24	1	0.0	1	0 1
25	6	0.0	1	1 5
26	4	0.0	1	0 4
28	2	0.0	1	0 2
29	5	0.0	1	1 4
30	2	0.0	1	0 2
31	9	0.0	1	2 7
32	4	0.0	1	0 4
33	1	0.0	1	0 1
34	4	0.0	1	0 4
36	1	0.0	1	1
37	8	0.0	1	1 7
39	1	0.0	1	0 1
40	6	0.0	1	2 4
41	1	0.0	1	0 1
42	8	0.0	1	0 8
43	2	0.0	1	1 1
44	3	0.0	1	1 2
45	2	0.0	1	2
48	1	0.0	1	0 1
49	2	0.0	1	0 2
51	6	0.0	1	2 4
52	1	0.0	1	0 1
53	2	0.0	1	0 2
55	1	0.0	1	0 1
57	1	0.0	1	0 1
60	1	0.0	1	1
61	3	0.0	1	1 2
62	1	0.0	1	0 1
63	6	0.0	1	0 6
67	1	0.0	1	1
80	1	0.0	1	1
94	1	0.0	1	0 1
96	1	0.0	1	0 1
97	4	0.0	1	0 4
128	1	0.0	1	0 1
130	3	0.0	1	0 3
131	9	0.0	1	1 8
154	6	0.0	1	2 4
164	1	0.0	1	1
171	1	0.0	1	1
172	6	0.0	1	4 2
173	21	0.0	1	8 13
179	2	0.0	1	0 2


WARNING:
    One or more of your adapter sequences may be incomplete.
    Please see the detailed output above.
