This is cutadapt 3.4 with Python 3.9.1
Command line parameters: --cores 6 -o D103_10uM_R1_1.fastq.gz -p D103_10uM_R1_2.fastq.gz input_fastq/D103_10uM_R1_1.fastq.gz input_fastq/D103_10uM_R1_2.fastq.gz -a AGATCGGAAGAGCACACGTCT -A TCGGAAGAGCGTCGTGTAG
Processing reads on 6 cores in paired-end mode ...
Finished in 2.63 s (7 µs/read; 9.09 M reads/minute).

=== Summary ===

Total read pairs processed:            398,902
  Read 1 with adapter:                   4,096 (1.0%)
  Read 2 with adapter:                   3,402 (0.9%)
Pairs written (passing filters):       398,902 (100.0%)

Total basepairs processed:   154,407,833 bp
  Read 1:    84,114,385 bp
  Read 2:    70,293,448 bp
Total written (filtered):    153,985,964 bp (99.7%)
  Read 1:    83,709,910 bp
  Read 2:    70,276,054 bp

=== First read: Adapter 1 ===

Sequence: AGATCGGAAGAGCACACGTCT; Type: regular 3'; Length: 21; Trimmed: 4096 times

No. of allowed errors:
1-9 bp: 0; 10-19 bp: 1; 20-21 bp: 2

Bases preceding removed adapters:
  A: 4.3%
  C: 7.6%
  G: 87.4%
  T: 0.6%
  none/other: 0.0%
WARNING:
    The adapter is preceded by "G" extremely often.
    The provided adapter sequence could be incomplete at its 5' end.

Overview of removed sequences
length	count	expect	max.err	error counts
3	162	6232.8	0	162
4	1	1558.2	0	1
5	1	389.6	0	1
27	1	0.0	2	1
37	1	0.0	2	1
42	1	0.0	2	1
63	1	0.0	2	0 0 1
66	2	0.0	2	0 0 2
67	3	0.0	2	0 0 3
68	20	0.0	2	0 4 16
70	20	0.0	2	0 0 20
71	24	0.0	2	0 3 21
72	2	0.0	2	0 1 1
73	31	0.0	2	0 3 28
74	37	0.0	2	1 5 31
75	3	0.0	2	0 1 2
76	35	0.0	2	0 2 33
77	12	0.0	2	0 1 11
78	6	0.0	2	0 2 4
79	248	0.0	2	1 38 209
80	76	0.0	2	0 10 66
81	11	0.0	2	2 2 7
82	598	0.0	2	4 114 480
83	215	0.0	2	1 47 167
84	19	0.0	2	0 5 14
85	451	0.0	2	5 91 355
86	265	0.0	2	2 55 208
87	8	0.0	2	0 1 7
88	253	0.0	2	4 52 197
89	145	0.0	2	1 21 123
90	4	0.0	2	0 0 4
91	117	0.0	2	0 30 87
92	74	0.0	2	1 13 60
93	1	0.0	2	0 0 1
94	64	0.0	2	0 15 49
95	29	0.0	2	0 6 23
96	3	0.0	2	0 3
97	27	0.0	2	0 6 21
98	22	0.0	2	1 8 13
99	2	0.0	2	0 1 1
100	7	0.0	2	0 1 6
101	14	0.0	2	0 1 13
102	1	0.0	2	1
103	11	0.0	2	0 3 8
104	9	0.0	2	0 2 7
106	5	0.0	2	0 0 5
107	7	0.0	2	0 4 3
108	2	0.0	2	0 0 2
109	4	0.0	2	0 1 3
110	5	0.0	2	0 0 5
111	1	0.0	2	0 1
112	5	0.0	2	2 0 3
113	4	0.0	2	0 4
114	12	0.0	2	2 4 6
115	20	0.0	2	5 6 9
116	12	0.0	2	0 10 2
117	149	0.0	2	56 55 38
118	139	0.0	2	52 52 35
119	7	0.0	2	1 3 3
120	55	0.0	2	13 26 16
121	54	0.0	2	11 26 17
122	3	0.0	2	0 0 3
123	37	0.0	2	5 17 15
124	60	0.0	2	12 20 28
125	1	0.0	2	0 0 1
126	4	0.0	2	0 1 3
127	7	0.0	2	0 2 5
128	1	0.0	2	0 1
129	3	0.0	2	0 0 3
130	6	0.0	2	1 1 4
131	1	0.0	2	0 0 1
139	1	0.0	2	0 0 1
145	1	0.0	2	0 0 1
150	1	0.0	2	0 1
151	1	0.0	2	1
155	7	0.0	2	0 1 6
156	6	0.0	2	0 2 4
158	3	0.0	2	1 0 2
159	3	0.0	2	1 0 2
161	2	0.0	2	0 1 1
163	34	0.0	2	3 7 24
164	30	0.0	2	2 8 20
165	2	0.0	2	0 1 1
166	9	0.0	2	0 3 6
167	17	0.0	2	1 1 15
168	1	0.0	2	0 0 1
170	3	0.0	2	1 0 2
175	1	0.0	2	0 0 1
176	4	0.0	2	0 1 3
177	8	0.0	2	0 0 8
178	9	0.0	2	1 2 6
179	7	0.0	2	1 1 5
180	5	0.0	2	0 0 5
182	7	0.0	2	0 0 7
183	2	0.0	2	0 0 2
184	6	0.0	2	1 1 4
185	7	0.0	2	0 0 7
187	6	0.0	2	0 1 5
188	25	0.0	2	3 3 19
189	5	0.0	2	0 1 4
190	10	0.0	2	0 1 9
191	25	0.0	2	0 2 23
192	13	0.0	2	1 0 12
193	15	0.0	2	0 4 11
194	8	0.0	2	0 1 7
195	6	0.0	2	0 2 4
196	3	0.0	2	0 0 3
197	6	0.0	2	0 2 4
199	9	0.0	2	1 0 8
200	9	0.0	2	0 0 9
201	4	0.0	2	0 0 4
202	20	0.0	2	1 4 15
203	12	0.0	2	0 6 6
204	1	0.0	2	0 0 1
205	2	0.0	2	0 0 2
206	1	0.0	2	0 0 1
208	2	0.0	2	1 1
209	4	0.0	2	1 0 3
210	1	0.0	2	0 0 1
211	9	0.0	2	1 1 7
212	14	0.0	2	2 1 11
214	1	0.0	2	0 1
215	3	0.0	2	1 1 1
217	1	0.0	2	0 0 1
218	1	0.0	2	0 0 1
219	1	0.0	2	1
222	1	0.0	2	0 0 1
225	1	0.0	2	0 1
226	1	0.0	2	0 0 1
227	3	0.0	2	3
228	2	0.0	2	0 0 2
229	3	0.0	2	1 1 1
230	5	0.0	2	0 1 4
231	4	0.0	2	0 1 3
232	3	0.0	2	0 0 3
233	2	0.0	2	0 0 2
235	1	0.0	2	0 0 1
236	1	0.0	2	0 0 1
237	1	0.0	2	0 0 1
238	1	0.0	2	0 0 1
239	6	0.0	2	1 0 5
242	1	0.0	2	0 0 1
245	2	0.0	2	0 0 2
247	1	0.0	2	0 0 1
250	1	0.0	2	0 0 1
253	1	0.0	2	0 0 1
276	1	0.0	2	0 1
356	1	0.0	2	0 0 1
357	2	0.0	2	0 0 2
367	1	0.0	2	0 1
375	7	0.0	2	3 1 3
376	8	0.0	2	1 2 5


=== Second read: Adapter 2 ===

Sequence: TCGGAAGAGCGTCGTGTAG; Type: regular 3'; Length: 19; Trimmed: 3402 times

No. of allowed errors:
1-9 bp: 0; 10-19 bp: 1

Bases preceding removed adapters:
  A: 10.1%
  C: 27.7%
  G: 5.1%
  T: 57.1%
  none/other: 0.0%

Overview of removed sequences
length	count	expect	max.err	error counts
3	3045	6232.8	0	3045
4	126	1558.2	0	126
5	55	389.6	0	55
6	1	97.4	0	1
7	12	24.3	0	12
8	1	6.1	0	1
9	6	1.5	0	1 5
10	5	0.4	1	0 5
11	8	0.1	1	1 7
12	31	0.0	1	2 29
14	11	0.0	1	0 11
15	13	0.0	1	1 12
16	2	0.0	1	0 2
23	2	0.0	1	1 1
24	1	0.0	1	0 1
25	3	0.0	1	0 3
27	3	0.0	1	1 2
29	6	0.0	1	3 3
30	1	0.0	1	0 1
33	5	0.0	1	1 4
34	2	0.0	1	2
36	3	0.0	1	0 3
38	1	0.0	1	0 1
40	5	0.0	1	0 5
41	1	0.0	1	1
42	9	0.0	1	1 8
44	4	0.0	1	1 3
46	1	0.0	1	0 1
47	4	0.0	1	0 4
48	1	0.0	1	0 1
50	3	0.0	1	1 2
53	1	0.0	1	0 1
54	4	0.0	1	0 4
59	1	0.0	1	0 1
73	1	0.0	1	0 1
136	1	0.0	1	0 1
154	5	0.0	1	1 4
163	1	0.0	1	1
164	1	0.0	1	0 1
170	1	0.0	1	0 1
171	2	0.0	1	1 1
172	3	0.0	1	2 1
173	8	0.0	1	5 3
176	1	0.0	1	0 1
179	1	0.0	1	0 1


WARNING:
    One or more of your adapter sequences may be incomplete.
    Please see the detailed output above.
