This is cutadapt 3.4 with Python 3.9.1
Command line parameters: --cores 6 -o No_E_R1_1.fastq.gz -p No_E_R1_2.fastq.gz input_fastq/No_E_R1_1.fastq.gz input_fastq/No_E_R1_2.fastq.gz -a AGATCGGAAGAGCACACGTCT -A TCGGAAGAGCGTCGTGTAG
Processing reads on 6 cores in paired-end mode ...
Finished in 3.77 s (8 µs/read; 7.91 M reads/minute).

=== Summary ===

Total read pairs processed:            496,928
  Read 1 with adapter:                   2,211 (0.4%)
  Read 2 with adapter:                     440 (0.1%)
Pairs written (passing filters):       496,928 (100.0%)

Total basepairs processed:   207,294,140 bp
  Read 1:   119,264,275 bp
  Read 2:    88,029,865 bp
Total written (filtered):    207,054,672 bp (99.9%)
  Read 1:   119,029,931 bp
  Read 2:    88,024,741 bp

=== First read: Adapter 1 ===

Sequence: AGATCGGAAGAGCACACGTCT; Type: regular 3'; Length: 21; Trimmed: 2211 times

No. of allowed errors:
1-9 bp: 0; 10-19 bp: 1; 20-21 bp: 2

Bases preceding removed adapters:
  A: 6.0%
  C: 6.8%
  G: 85.5%
  T: 1.7%
  none/other: 0.0%
WARNING:
    The adapter is preceded by "G" extremely often.
    The provided adapter sequence could be incomplete at its 5' end.

Overview of removed sequences
length	count	expect	max.err	error counts
3	195	7764.5	0	195
4	2	1941.1	0	2
5	2	485.3	0	2
27	1	0.0	2	1
29	1	0.0	2	0 0 1
30	1	0.0	2	1
37	1	0.0	2	1
43	1	0.0	2	1
65	1	0.0	2	0 0 1
67	7	0.0	2	0 0 7
68	1	0.0	2	0 0 1
69	2	0.0	2	0 2
70	84	0.0	2	0 12 72
71	4	0.0	2	0 0 4
72	3	0.0	2	0 0 3
73	146	0.0	2	0 16 130
74	9	0.0	2	0 2 7
75	4	0.0	2	0 1 3
76	189	0.0	2	0 21 168
77	23	0.0	2	1 4 18
78	1	0.0	2	0 1
79	129	0.0	2	0 14 115
80	42	0.0	2	1 7 34
81	3	0.0	2	0 0 3
82	92	0.0	2	1 11 80
83	38	0.0	2	0 7 31
84	3	0.0	2	0 0 3
85	55	0.0	2	1 5 49
86	16	0.0	2	0 2 14
87	2	0.0	2	0 0 2
88	27	0.0	2	0 4 23
89	14	0.0	2	0 0 14
90	3	0.0	2	0 1 2
91	19	0.0	2	0 4 15
92	8	0.0	2	0 1 7
93	2	0.0	2	0 0 2
94	17	0.0	2	0 4 13
95	8	0.0	2	0 3 5
96	2	0.0	2	0 0 2
97	15	0.0	2	0 3 12
98	19	0.0	2	0 4 15
100	21	0.0	2	0 7 14
101	28	0.0	2	0 5 23
102	1	0.0	2	0 0 1
103	19	0.0	2	0 4 15
104	22	0.0	2	0 2 20
105	1	0.0	2	0 0 1
106	21	0.0	2	0 5 16
107	17	0.0	2	0 3 14
108	2	0.0	2	0 0 2
109	14	0.0	2	1 6 7
110	11	0.0	2	0 4 7
111	2	0.0	2	0 0 2
112	37	0.0	2	0 14 23
113	24	0.0	2	0 10 14
115	15	0.0	2	2 6 7
116	19	0.0	2	0 13 6
117	2	0.0	2	0 1 1
118	10	0.0	2	0 7 3
119	11	0.0	2	1 3 7
120	1	0.0	2	0 1
121	12	0.0	2	6 2 4
122	13	0.0	2	5 4 4
124	2	0.0	2	0 1 1
125	3	0.0	2	0 1 2
127	1	0.0	2	0 0 1
128	1	0.0	2	0 0 1
137	1	0.0	2	0 0 1
154	2	0.0	2	0 0 2
155	1	0.0	2	0 0 1
159	1	0.0	2	0 0 1
160	3	0.0	2	0 1 2
161	4	0.0	2	1 1 2
162	8	0.0	2	0 1 7
163	184	0.0	2	24 34 126
164	258	0.0	2	27 45 186
165	12	0.0	2	2 4 6
166	65	0.0	2	2 12 51
167	85	0.0	2	4 15 66
168	6	0.0	2	0 0 6
169	17	0.0	2	0 3 14
170	17	0.0	2	1 4 12
171	1	0.0	2	0 0 1
172	2	0.0	2	0 0 2
173	4	0.0	2	0 1 3
176	3	0.0	2	0 0 3
181	1	0.0	2	0 1
187	2	0.0	2	0 0 2
196	2	0.0	2	0 1 1
197	2	0.0	2	0 0 2
198	1	0.0	2	0 0 1
200	1	0.0	2	0 0 1
209	1	0.0	2	0 0 1
210	1	0.0	2	0 1
212	1	0.0	2	0 0 1
222	1	0.0	2	0 0 1
230	2	0.0	2	0 2
236	1	0.0	2	0 0 1
300	1	0.0	2	0 0 1
354	1	0.0	2	1
355	1	0.0	2	0 0 1
356	3	0.0	2	1 2
357	5	0.0	2	2 1 2
367	1	0.0	2	1
373	1	0.0	2	1
375	4	0.0	2	2 0 2
376	2	0.0	2	0 0 2


=== Second read: Adapter 2 ===

Sequence: TCGGAAGAGCGTCGTGTAG; Type: regular 3'; Length: 19; Trimmed: 440 times

No. of allowed errors:
1-9 bp: 0; 10-19 bp: 1

Bases preceding removed adapters:
  A: 14.3%
  C: 56.4%
  G: 23.6%
  T: 5.7%
  none/other: 0.0%

Overview of removed sequences
length	count	expect	max.err	error counts
3	302	7764.5	0	302
4	52	1941.1	0	52
5	57	485.3	0	57
7	1	30.3	0	1
10	1	0.5	1	0 1
17	4	0.0	1	3 1
27	1	0.0	1	0 1
32	1	0.0	1	1
153	1	0.0	1	1
154	1	0.0	1	0 1
165	1	0.0	1	1
171	2	0.0	1	1 1
172	4	0.0	1	2 2
173	10	0.0	1	3 7
174	1	0.0	1	1
175	1	0.0	1	0 1


WARNING:
    One or more of your adapter sequences may be incomplete.
    Please see the detailed output above.
