This is cutadapt 3.4 with Python 3.9.1
Command line parameters: --cores 6 -o No_E_R2_1.fastq.gz -p No_E_R2_2.fastq.gz input_fastq/No_E_R2_1.fastq.gz input_fastq/No_E_R2_2.fastq.gz -a AGATCGGAAGAGCACACGTCT -A TCGGAAGAGCGTCGTGTAG
Processing reads on 6 cores in paired-end mode ...
Finished in 2.89 s (7 µs/read; 8.99 M reads/minute).

=== Summary ===

Total read pairs processed:            432,092
  Read 1 with adapter:                   3,047 (0.7%)
  Read 2 with adapter:                   1,932 (0.4%)
Pairs written (passing filters):       432,092 (100.0%)

Total basepairs processed:   179,580,680 bp
  Read 1:   104,343,888 bp
  Read 2:    75,236,792 bp
Total written (filtered):    179,219,724 bp (99.8%)
  Read 1:   103,998,528 bp
  Read 2:    75,221,196 bp

=== First read: Adapter 1 ===

Sequence: AGATCGGAAGAGCACACGTCT; Type: regular 3'; Length: 21; Trimmed: 3047 times

No. of allowed errors:
1-9 bp: 0; 10-19 bp: 1; 20-21 bp: 2

Bases preceding removed adapters:
  A: 6.2%
  C: 7.0%
  G: 84.9%
  T: 2.0%
  none/other: 0.0%
WARNING:
    The adapter is preceded by "G" extremely often.
    The provided adapter sequence could be incomplete at its 5' end.

Overview of removed sequences
length	count	expect	max.err	error counts
3	202	6751.4	0	202
4	5	1687.9	0	5
5	3	422.0	0	3
7	1	26.4	0	1
21	1	0.0	2	1
23	1	0.0	2	1
27	1	0.0	2	1
31	1	0.0	2	1
34	2	0.0	2	1 1
67	2	0.0	2	0 1 1
69	1	0.0	2	0 0 1
70	127	0.0	2	0 19 108
71	2	0.0	2	0 0 2
73	184	0.0	2	0 21 163
74	6	0.0	2	0 0 6
75	1	0.0	2	0 0 1
76	207	0.0	2	1 28 178
77	32	0.0	2	0 4 28
78	1	0.0	2	0 0 1
79	94	0.0	2	0 10 84
80	22	0.0	2	0 4 18
81	4	0.0	2	0 3 1
82	69	0.0	2	1 9 59
83	17	0.0	2	0 1 16
84	2	0.0	2	0 1 1
85	41	0.0	2	0 7 34
86	15	0.0	2	0 5 10
87	1	0.0	2	0 0 1
88	29	0.0	2	0 9 20
89	22	0.0	2	0 3 19
90	1	0.0	2	0 0 1
91	42	0.0	2	0 11 31
92	23	0.0	2	0 5 18
93	2	0.0	2	0 0 2
94	35	0.0	2	0 16 19
95	31	0.0	2	0 4 27
96	2	0.0	2	0 1 1
97	36	0.0	2	1 11 24
98	32	0.0	2	1 11 20
99	1	0.0	2	0 0 1
100	37	0.0	2	1 13 23
101	37	0.0	2	0 11 26
102	2	0.0	2	1 0 1
103	33	0.0	2	0 7 26
104	32	0.0	2	2 6 24
106	33	0.0	2	0 6 27
107	40	0.0	2	0 12 28
108	2	0.0	2	0 0 2
109	67	0.0	2	0 28 39
110	77	0.0	2	4 16 57
111	2	0.0	2	0 1 1
112	71	0.0	2	1 29 41
113	75	0.0	2	3 29 43
114	5	0.0	2	0 4 1
115	48	0.0	2	4 25 19
116	53	0.0	2	5 25 23
118	28	0.0	2	3 13 12
119	33	0.0	2	7 20 6
121	21	0.0	2	5 5 11
122	24	0.0	2	8 8 8
123	1	0.0	2	0 0 1
124	9	0.0	2	4 2 3
125	7	0.0	2	0 6 1
127	2	0.0	2	0 1 1
128	4	0.0	2	0 0 4
129	2	0.0	2	0 0 2
130	1	0.0	2	0 0 1
133	2	0.0	2	0 0 2
136	5	0.0	2	0 2 3
137	1	0.0	2	0 1
139	2	0.0	2	0 0 2
140	1	0.0	2	0 0 1
141	1	0.0	2	0 1
142	2	0.0	2	0 0 2
143	2	0.0	2	0 1 1
145	2	0.0	2	0 2
146	1	0.0	2	0 0 1
148	1	0.0	2	0 0 1
149	1	0.0	2	0 0 1
151	1	0.0	2	0 0 1
152	1	0.0	2	0 1
154	1	0.0	2	0 1
158	1	0.0	2	0 0 1
160	4	0.0	2	0 0 4
161	11	0.0	2	1 3 7
162	7	0.0	2	1 0 6
163	271	0.0	2	26 43 202
164	356	0.0	2	41 68 247
165	15	0.0	2	1 2 12
166	66	0.0	2	3 10 53
167	75	0.0	2	5 11 59
168	4	0.0	2	0 0 4
169	13	0.0	2	1 2 10
170	24	0.0	2	2 3 19
171	3	0.0	2	0 0 3
173	4	0.0	2	2 0 2
175	1	0.0	2	1
178	2	0.0	2	0 2
182	1	0.0	2	0 0 1
187	2	0.0	2	0 2
188	2	0.0	2	0 0 2
190	1	0.0	2	0 1
191	2	0.0	2	0 1 1
193	2	0.0	2	1 1
195	1	0.0	2	0 0 1
196	1	0.0	2	0 1
197	12	0.0	2	0 2 10
198	14	0.0	2	0 3 11
200	1	0.0	2	1
203	1	0.0	2	0 1
208	1	0.0	2	0 0 1
211	1	0.0	2	0 0 1
212	6	0.0	2	1 1 4
214	1	0.0	2	0 1
215	3	0.0	2	0 0 3
216	1	0.0	2	0 0 1
224	1	0.0	2	0 1
227	1	0.0	2	0 0 1
228	1	0.0	2	1
229	3	0.0	2	1 0 2
231	7	0.0	2	0 3 4
232	9	0.0	2	0 2 7
234	1	0.0	2	0 0 1
237	1	0.0	2	1
265	2	0.0	2	0 1 1
266	4	0.0	2	0 1 3
299	5	0.0	2	0 0 5
300	4	0.0	2	0 1 3
301	1	0.0	2	0 0 1
333	1	0.0	2	0 0 1
356	2	0.0	2	1 0 1
357	4	0.0	2	1 1 2
367	2	0.0	2	1 1
372	1	0.0	2	0 1
373	1	0.0	2	0 0 1
374	1	0.0	2	0 1
375	6	0.0	2	4 0 2
376	8	0.0	2	5 2 1


=== Second read: Adapter 2 ===

Sequence: TCGGAAGAGCGTCGTGTAG; Type: regular 3'; Length: 19; Trimmed: 1932 times

No. of allowed errors:
1-9 bp: 0; 10-19 bp: 1

Bases preceding removed adapters:
  A: 14.9%
  C: 53.6%
  G: 26.3%
  T: 5.2%
  none/other: 0.0%

Overview of removed sequences
length	count	expect	max.err	error counts
3	794	6751.4	0	794
4	1016	1687.9	0	1016
5	18	422.0	0	18
7	4	26.4	0	4
10	1	0.4	1	0 1
11	1	0.1	1	0 1
12	17	0.0	1	1 16
25	2	0.0	1	0 2
27	1	0.0	1	0 1
29	4	0.0	1	0 4
39	1	0.0	1	1
52	1	0.0	1	0 1
53	1	0.0	1	0 1
57	1	0.0	1	1
58	4	0.0	1	0 4
59	1	0.0	1	1
61	5	0.0	1	0 5
62	1	0.0	1	0 1
63	10	0.0	1	3 7
94	1	0.0	1	1
95	1	0.0	1	0 1
96	1	0.0	1	0 1
97	5	0.0	1	1 4
128	1	0.0	1	1
130	3	0.0	1	0 3
131	11	0.0	1	1 10
154	5	0.0	1	2 3
164	1	0.0	1	1
165	1	0.0	1	0 1
170	1	0.0	1	1
172	5	0.0	1	5
173	10	0.0	1	3 7
179	3	0.0	1	2 1


WARNING:
    One or more of your adapter sequences may be incomplete.
    Please see the detailed output above.
