This is cutadapt 3.4 with Python 3.9.1
Command line parameters: --cores 6 -o noINH_DMSO_R1_1.fastq.gz -p noINH_DMSO_R1_2.fastq.gz input_fastq/noINH_DMSO_R1_1.fastq.gz input_fastq/noINH_DMSO_R1_2.fastq.gz -a AGATCGGAAGAGCACACGTCT -A TCGGAAGAGCGTCGTGTAG
Processing reads on 6 cores in paired-end mode ...
Finished in 3.35 s (5 µs/read; 11.11 M reads/minute).

=== Summary ===

Total read pairs processed:            620,417
  Read 1 with adapter:                   3,159 (0.5%)
  Read 2 with adapter:                   9,800 (1.6%)
Pairs written (passing filters):       620,417 (100.0%)

Total basepairs processed:   187,990,221 bp
  Read 1:    98,202,788 bp
  Read 2:    89,787,433 bp
Total written (filtered):    187,551,194 bp (99.8%)
  Read 1:    97,808,816 bp
  Read 2:    89,742,378 bp

=== First read: Adapter 1 ===

Sequence: AGATCGGAAGAGCACACGTCT; Type: regular 3'; Length: 21; Trimmed: 3159 times

No. of allowed errors:
1-9 bp: 0; 10-19 bp: 1; 20-21 bp: 2

Bases preceding removed adapters:
  A: 3.3%
  C: 3.3%
  G: 92.3%
  T: 1.0%
  none/other: 0.0%
WARNING:
    The adapter is preceded by "G" extremely often.
    The provided adapter sequence could be incomplete at its 5' end.

Overview of removed sequences
length	count	expect	max.err	error counts
3	65	9694.0	0	65
4	7	2423.5	0	7
5	1	605.9	0	1
8	2	9.5	0	2
15	1	0.0	1	1
19	1	0.0	1	1
26	1	0.0	2	1
32	1	0.0	2	1
33	1	0.0	2	0 0 1
37	1	0.0	2	0 1
40	1	0.0	2	1
42	2	0.0	2	1 1
70	70	0.0	2	0 11 59
71	1	0.0	2	0 0 1
72	1	0.0	2	0 0 1
73	41	0.0	2	0 2 39
76	43	0.0	2	0 6 37
77	7	0.0	2	0 3 4
79	28	0.0	2	0 1 27
80	17	0.0	2	0 3 14
82	14	0.0	2	0 2 12
83	19	0.0	2	0 1 18
84	1	0.0	2	0 0 1
85	14	0.0	2	0 5 9
86	13	0.0	2	0 5 8
87	1	0.0	2	0 0 1
88	7	0.0	2	0 1 6
89	68	0.0	2	0 17 51
90	31	0.0	2	0 7 24
91	9	0.0	2	0 3 6
92	62	0.0	2	0 16 46
93	35	0.0	2	0 6 29
94	3	0.0	2	0 0 3
95	34	0.0	2	0 5 29
96	33	0.0	2	1 7 25
97	6	0.0	2	0 1 5
98	11	0.0	2	0 4 7
99	19	0.0	2	0 6 13
100	9	0.0	2	0 5 4
101	11	0.0	2	0 4 7
102	6	0.0	2	0 2 4
103	6	0.0	2	0 2 4
104	10	0.0	2	0 3 7
105	5	0.0	2	0 0 5
106	184	0.0	2	1 45 138
107	197	0.0	2	1 33 163
108	9	0.0	2	0 4 5
109	79	0.0	2	0 20 59
110	88	0.0	2	4 22 62
111	244	0.0	2	19 99 126
112	271	0.0	2	26 87 158
113	49	0.0	2	2 16 31
114	145	0.0	2	22 71 52
115	143	0.0	2	25 68 50
116	14	0.0	2	2 6 6
117	34	0.0	2	10 13 11
118	42	0.0	2	15 16 11
119	6	0.0	2	1 3 2
120	3	0.0	2	0 2 1
121	6	0.0	2	2 2 2
122	4	0.0	2	1 3
124	2	0.0	2	0 1 1
128	1	0.0	2	0 0 1
129	3	0.0	2	0 1 2
130	2	0.0	2	0 0 2
132	7	0.0	2	0 0 7
133	9	0.0	2	0 2 7
135	5	0.0	2	0 2 3
136	2	0.0	2	1 0 1
139	2	0.0	2	0 0 2
144	1	0.0	2	0 0 1
148	16	0.0	2	0 5 11
149	16	0.0	2	0 4 12
151	6	0.0	2	1 0 5
152	9	0.0	2	0 1 8
153	1	0.0	2	0 0 1
155	5	0.0	2	0 1 4
157	1	0.0	2	0 0 1
158	3	0.0	2	0 1 2
159	2	0.0	2	0 0 2
160	1	0.0	2	0 0 1
161	7	0.0	2	0 1 6
162	5	0.0	2	0 0 5
163	156	0.0	2	14 25 117
164	209	0.0	2	25 38 146
165	9	0.0	2	0 2 7
166	48	0.0	2	1 10 37
167	57	0.0	2	4 12 41
168	3	0.0	2	0 0 3
169	8	0.0	2	0 1 7
170	9	0.0	2	0 2 7
172	1	0.0	2	0 1
173	1	0.0	2	0 0 1
174	2	0.0	2	0 1 1
175	4	0.0	2	0 1 3
176	1	0.0	2	0 0 1
177	6	0.0	2	0 1 5
178	13	0.0	2	0 0 13
179	1	0.0	2	0 0 1
180	3	0.0	2	0 0 3
181	3	0.0	2	0 0 3
182	3	0.0	2	0 2 1
184	6	0.0	2	1 2 3
185	11	0.0	2	1 0 10
186	4	0.0	2	0 0 4
187	4	0.0	2	0 0 4
188	9	0.0	2	0 2 7
189	6	0.0	2	0 1 5
190	16	0.0	2	1 2 13
191	29	0.0	2	0 5 24
192	1	0.0	2	0 0 1
193	7	0.0	2	0 1 6
194	10	0.0	2	0 0 10
195	1	0.0	2	1
196	7	0.0	2	1 0 6
197	7	0.0	2	0 1 6
198	1	0.0	2	0 0 1
199	1	0.0	2	0 1
200	1	0.0	2	0 0 1
202	5	0.0	2	1 0 4
203	10	0.0	2	2 2 6
204	5	0.0	2	1 0 4
205	5	0.0	2	0 0 5
206	4	0.0	2	2 1 1
207	2	0.0	2	0 0 2
208	2	0.0	2	0 0 2
209	5	0.0	2	1 1 3
210	1	0.0	2	0 0 1
211	2	0.0	2	0 0 2
212	9	0.0	2	3 3 3
219	3	0.0	2	0 0 3
221	4	0.0	2	0 1 3
222	7	0.0	2	0 3 4
223	3	0.0	2	0 2 1
224	10	0.0	2	0 3 7
225	7	0.0	2	0 3 4
226	1	0.0	2	0 1
227	2	0.0	2	0 2
228	1	0.0	2	0 0 1
231	2	0.0	2	0 1 1
232	4	0.0	2	1 0 3
233	2	0.0	2	1 1
236	1	0.0	2	0 1
239	1	0.0	2	0 0 1
248	1	0.0	2	0 0 1
260	1	0.0	2	0 0 1
266	1	0.0	2	0 0 1
284	1	0.0	2	0 0 1
299	1	0.0	2	0 0 1
300	4	0.0	2	0 0 4
333	1	0.0	2	0 0 1
334	1	0.0	2	0 1
336	1	0.0	2	0 0 1
356	4	0.0	2	0 0 4
357	6	0.0	2	0 0 6
367	1	0.0	2	0 0 1
374	3	0.0	2	0 1 2
375	11	0.0	2	4 2 5
376	23	0.0	2	7 3 13


=== Second read: Adapter 2 ===

Sequence: TCGGAAGAGCGTCGTGTAG; Type: regular 3'; Length: 19; Trimmed: 9800 times

No. of allowed errors:
1-9 bp: 0; 10-19 bp: 1

Bases preceding removed adapters:
  A: 4.8%
  C: 7.4%
  G: 85.7%
  T: 2.0%
  none/other: 0.0%
WARNING:
    The adapter is preceded by "G" extremely often.
    The provided adapter sequence could be incomplete at its 5' end.

Overview of removed sequences
length	count	expect	max.err	error counts
3	8883	9694.0	0	8883
4	661	2423.5	0	661
5	93	605.9	0	93
6	5	151.5	0	5
7	8	37.9	0	8
9	7	2.4	0	2 5
10	7	0.6	1	0 7
12	3	0.0	1	0 3
13	1	0.0	1	0 1
14	6	0.0	1	1 5
15	2	0.0	1	0 2
16	15	0.0	1	3 12
19	1	0.0	1	0 1
21	2	0.0	1	0 2
23	5	0.0	1	0 5
25	3	0.0	1	1 2
37	1	0.0	1	0 1
40	1	0.0	1	0 1
45	1	0.0	1	0 1
46	2	0.0	1	0 2
51	1	0.0	1	1
56	1	0.0	1	0 1
61	1	0.0	1	0 1
62	1	0.0	1	1
68	1	0.0	1	0 1
81	1	0.0	1	1
95	1	0.0	1	1
97	4	0.0	1	0 4
129	1	0.0	1	1
131	9	0.0	1	2 7
144	1	0.0	1	1
153	3	0.0	1	3
154	14	0.0	1	3 11
159	1	0.0	1	1
160	2	0.0	1	1 1
163	2	0.0	1	0 2
168	1	0.0	1	1
171	6	0.0	1	5 1
172	5	0.0	1	4 1
173	33	0.0	1	17 16
178	3	0.0	1	0 3
179	1	0.0	1	0 1


WARNING:
    One or more of your adapter sequences may be incomplete.
    Please see the detailed output above.
