This is cutadapt 3.4 with Python 3.9.1
Command line parameters: --cores 6 -o noINH_DMSO_R2_1.fastq.gz -p noINH_DMSO_R2_2.fastq.gz input_fastq/noINH_DMSO_R2_1.fastq.gz input_fastq/noINH_DMSO_R2_2.fastq.gz -a AGATCGGAAGAGCACACGTCT -A TCGGAAGAGCGTCGTGTAG
Processing reads on 6 cores in paired-end mode ...
Finished in 4.22 s (6 µs/read; 9.57 M reads/minute).

=== Summary ===

Total read pairs processed:            673,646
  Read 1 with adapter:                   3,768 (0.6%)
  Read 2 with adapter:                  11,284 (1.7%)
Pairs written (passing filters):       673,646 (100.0%)

Total basepairs processed:   218,478,524 bp
  Read 1:   114,436,820 bp
  Read 2:   104,041,704 bp
Total written (filtered):    217,930,063 bp (99.7%)
  Read 1:   113,945,596 bp
  Read 2:   103,984,467 bp

=== First read: Adapter 1 ===

Sequence: AGATCGGAAGAGCACACGTCT; Type: regular 3'; Length: 21; Trimmed: 3768 times

No. of allowed errors:
1-9 bp: 0; 10-19 bp: 1; 20-21 bp: 2

Bases preceding removed adapters:
  A: 4.0%
  C: 5.5%
  G: 88.5%
  T: 2.0%
  none/other: 0.0%
WARNING:
    The adapter is preceded by "G" extremely often.
    The provided adapter sequence could be incomplete at its 5' end.

Overview of removed sequences
length	count	expect	max.err	error counts
3	91	10525.7	0	91
4	3	2631.4	0	3
5	1	657.9	0	1
13	1	0.0	1	1
22	2	0.0	2	2
24	1	0.0	2	1
27	1	0.0	2	1
34	2	0.0	2	1 0 1
42	1	0.0	2	1
58	3	0.0	2	0 0 3
63	1	0.0	2	0 1
66	2	0.0	2	0 0 2
67	3	0.0	2	0 0 3
68	2	0.0	2	0 0 2
69	1	0.0	2	0 0 1
70	8	0.0	2	1 0 7
71	2	0.0	2	0 0 2
72	4	0.0	2	0 1 3
73	8	0.0	2	0 3 5
74	2	0.0	2	0 1 1
75	1	0.0	2	0 0 1
76	29	0.0	2	1 2 26
77	8	0.0	2	0 4 4
78	1	0.0	2	0 1
79	29	0.0	2	0 2 27
80	15	0.0	2	0 6 9
81	5	0.0	2	0 4 1
82	25	0.0	2	0 4 21
83	21	0.0	2	1 4 16
84	7	0.0	2	0 1 6
85	21	0.0	2	1 2 18
86	27	0.0	2	0 7 20
87	287	0.0	2	5 67 215
88	193	0.0	2	2 45 146
89	15	0.0	2	1 2 12
90	12	0.0	2	0 3 9
91	32	0.0	2	0 6 26
92	81	0.0	2	0 14 67
93	43	0.0	2	1 12 30
94	56	0.0	2	0 11 45
95	78	0.0	2	1 22 55
96	40	0.0	2	0 14 26
97	36	0.0	2	0 7 29
98	36	0.0	2	0 10 26
99	8	0.0	2	0 1 7
100	27	0.0	2	1 6 20
101	18	0.0	2	0 7 11
102	7	0.0	2	0 3 4
103	14	0.0	2	0 5 9
104	16	0.0	2	0 8 8
105	4	0.0	2	0 2 2
106	37	0.0	2	1 5 31
107	33	0.0	2	0 10 23
108	9	0.0	2	0 3 6
109	21	0.0	2	0 3 18
110	41	0.0	2	1 13 27
111	18	0.0	2	2 7 9
112	27	0.0	2	0 12 15
113	218	0.0	2	11 81 126
114	231	0.0	2	13 93 125
115	18	0.0	2	2 9 7
116	106	0.0	2	13 52 41
117	99	0.0	2	9 47 43
118	11	0.0	2	3 6 2
119	17	0.0	2	2 6 9
120	20	0.0	2	3 5 12
121	10	0.0	2	4 3 3
122	15	0.0	2	3 4 8
123	10	0.0	2	1 7 2
124	6	0.0	2	0 2 4
125	6	0.0	2	1 1 4
126	23	0.0	2	0 2 21
127	28	0.0	2	2 9 17
128	16	0.0	2	0 4 12
129	3	0.0	2	0 1 2
130	15	0.0	2	0 3 12
131	13	0.0	2	0 3 10
132	3	0.0	2	1 1 1
133	4	0.0	2	0 1 3
134	2	0.0	2	0 0 2
136	3	0.0	2	0 0 3
137	7	0.0	2	0 3 4
138	1	0.0	2	0 0 1
139	5	0.0	2	0 1 4
140	10	0.0	2	0 1 9
141	2	0.0	2	0 0 2
142	7	0.0	2	0 4 3
143	8	0.0	2	0 1 7
145	6	0.0	2	0 1 5
146	9	0.0	2	0 1 8
147	1	0.0	2	0 0 1
148	4	0.0	2	0 0 4
149	4	0.0	2	0 1 3
150	3	0.0	2	0 0 3
151	9	0.0	2	0 2 7
153	3	0.0	2	0 0 3
154	3	0.0	2	0 0 3
155	6	0.0	2	0 0 6
156	11	0.0	2	0 3 8
157	2	0.0	2	0 0 2
158	8	0.0	2	0 1 7
159	7	0.0	2	0 3 4
160	23	0.0	2	4 3 16
161	27	0.0	2	5 7 15
162	8	0.0	2	1 1 6
163	234	0.0	2	6 46 182
164	247	0.0	2	17 42 188
165	5	0.0	2	0 0 5
166	32	0.0	2	4 7 21
167	47	0.0	2	3 6 38
168	8	0.0	2	0 2 6
169	10	0.0	2	1 1 8
170	16	0.0	2	1 6 9
171	11	0.0	2	0 2 9
172	24	0.0	2	2 6 16
173	25	0.0	2	2 6 17
174	10	0.0	2	0 2 8
175	15	0.0	2	0 3 12
176	11	0.0	2	2 2 7
177	4	0.0	2	0 2 2
178	8	0.0	2	0 1 7
179	13	0.0	2	0 4 9
181	2	0.0	2	0 0 2
182	10	0.0	2	0 3 7
183	9	0.0	2	0 2 7
184	3	0.0	2	1 1 1
185	5	0.0	2	0 0 5
186	1	0.0	2	0 0 1
187	9	0.0	2	0 2 7
188	16	0.0	2	0 3 13
189	11	0.0	2	0 1 10
190	20	0.0	2	0 5 15
191	13	0.0	2	2 3 8
192	7	0.0	2	0 0 7
193	10	0.0	2	0 1 9
194	12	0.0	2	0 1 11
195	3	0.0	2	0 2 1
196	10	0.0	2	1 3 6
197	33	0.0	2	1 3 29
198	27	0.0	2	0 8 19
199	6	0.0	2	2 1 3
200	14	0.0	2	0 5 9
201	7	0.0	2	0 1 6
202	5	0.0	2	1 2 2
203	10	0.0	2	0 5 5
204	2	0.0	2	0 0 2
205	1	0.0	2	0 0 1
206	8	0.0	2	0 2 6
207	2	0.0	2	0 1 1
208	3	0.0	2	0 0 3
209	1	0.0	2	1
210	2	0.0	2	1 0 1
211	8	0.0	2	2 2 4
212	1	0.0	2	1
214	1	0.0	2	0 1
215	2	0.0	2	0 0 2
217	1	0.0	2	0 0 1
218	1	0.0	2	0 0 1
219	1	0.0	2	0 1
220	4	0.0	2	0 1 3
221	9	0.0	2	0 2 7
222	1	0.0	2	0 0 1
223	1	0.0	2	0 1
224	4	0.0	2	1 1 2
226	1	0.0	2	0 0 1
227	2	0.0	2	0 0 2
228	2	0.0	2	0 1 1
229	6	0.0	2	1 1 4
230	7	0.0	2	1 0 6
231	14	0.0	2	0 2 12
232	25	0.0	2	0 4 21
233	4	0.0	2	0 0 4
234	4	0.0	2	0 1 3
236	2	0.0	2	0 0 2
239	1	0.0	2	0 0 1
240	1	0.0	2	0 0 1
244	1	0.0	2	0 0 1
246	1	0.0	2	0 1
251	1	0.0	2	0 0 1
253	1	0.0	2	0 0 1
257	2	0.0	2	1 0 1
259	1	0.0	2	0 0 1
260	1	0.0	2	0 0 1
261	3	0.0	2	0 1 2
263	1	0.0	2	0 1
264	1	0.0	2	1
265	9	0.0	2	0 2 7
266	8	0.0	2	0 2 6
299	9	0.0	2	0 0 9
300	6	0.0	2	0 2 4
333	1	0.0	2	0 0 1
334	2	0.0	2	0 0 2
354	1	0.0	2	0 1
356	11	0.0	2	1 1 9
357	14	0.0	2	2 2 10
366	1	0.0	2	0 1
367	3	0.0	2	1 0 2
373	1	0.0	2	1
374	5	0.0	2	2 2 1
375	17	0.0	2	2 9 6
376	14	0.0	2	5 2 7


=== Second read: Adapter 2 ===

Sequence: TCGGAAGAGCGTCGTGTAG; Type: regular 3'; Length: 19; Trimmed: 11284 times

No. of allowed errors:
1-9 bp: 0; 10-19 bp: 1

Bases preceding removed adapters:
  A: 46.6%
  C: 13.9%
  G: 14.9%
  T: 24.7%
  none/other: 0.0%

Overview of removed sequences
length	count	expect	max.err	error counts
3	9386	10525.7	0	9386
4	1488	2631.4	0	1488
5	57	657.9	0	57
6	2	164.5	0	2
7	4	41.1	0	4
9	4	2.6	0	0 4
10	2	0.6	1	0 2
11	5	0.2	1	2 3
12	10	0.0	1	1 9
13	1	0.0	1	0 1
14	11	0.0	1	1 10
15	21	0.0	1	0 21
16	14	0.0	1	0 14
17	1	0.0	1	0 1
21	2	0.0	1	1 1
23	5	0.0	1	0 5
24	1	0.0	1	0 1
25	4	0.0	1	1 3
27	1	0.0	1	1
28	4	0.0	1	2 2
29	12	0.0	1	1 11
30	11	0.0	1	2 9
31	13	0.0	1	2 11
32	6	0.0	1	1 5
33	3	0.0	1	1 2
37	1	0.0	1	0 1
42	3	0.0	1	1 2
46	75	0.0	1	0 75
48	3	0.0	1	0 3
50	1	0.0	1	0 1
52	4	0.0	1	2 2
53	1	0.0	1	0 1
54	1	0.0	1	0 1
58	3	0.0	1	1 2
61	10	0.0	1	3 7
62	9	0.0	1	2 7
63	11	0.0	1	2 9
95	1	0.0	1	0 1
96	1	0.0	1	0 1
97	11	0.0	1	2 9
129	2	0.0	1	0 2
130	3	0.0	1	1 2
131	20	0.0	1	3 17
153	5	0.0	1	2 3
154	10	0.0	1	5 5
159	1	0.0	1	1
160	1	0.0	1	1
170	1	0.0	1	0 1
171	2	0.0	1	2
172	5	0.0	1	3 2
173	27	0.0	1	17 10
174	2	0.0	1	0 2
179	2	0.0	1	0 2


WARNING:
    One or more of your adapter sequences may be incomplete.
    Please see the detailed output above.
